<?xml version="1.0" encoding="UTF-8"?>
<!-- Generated by org.testng.reporters.JUnitReportReporter -->
<testsuite hostname="DESKTOP-L9JMAV8" failures="0" tests="1" name="LoginPage.MyTestCases" time="٤.٣٨٠" errors="0" timestamp="٢٠٢٥-٠٧-٠٥T٢٢:٢٦:٢٤ EET" skipped="0">
  <testcase classname="LoginPage.MyTestCases" name="Signup" time="٤.٣٨٠"/>
</testsuite> <!-- LoginPage.MyTestCases -->
