<?xml version="1.0" encoding="UTF-8"?>
<!-- Generated by org.testng.reporters.JUnitReportReporter -->
<testsuite hostname="DESKTOP-L9JMAV8" failures="0" tests="4" name="LoginPage.MyTestCases" time="9.001" errors="0" timestamp="2025-07-15T15:33:53 EET" skipped="1">
  <testcase classname="LoginPage.MyTestCases" name="Signup" time="6.092"/>
  <testcase classname="LoginPage.MyTestCases" name="logout" time="0.946"/>
  <testcase classname="LoginPage.MyTestCases" name="login" time="1.963"/>
  <testcase classname="LoginPage.MyTestCases" name="AddToCard">
    <skipped/>
  </testcase> <!-- AddToCard -->
</testsuite> <!-- LoginPage.MyTestCases -->
