<?xml version="1.0" encoding="UTF-8"?>
<!-- Generated by org.testng.reporters.JUnitReportReporter -->
<testsuite hostname="DESKTOP-L9JMAV8" failures="0" tests="13" name="LoginPage.MyTestCases" time="61.551" errors="0" timestamp="2025-07-09T15:55:14 EET" skipped="0">
  <testcase classname="LoginPage.MyTestCases" name="Signup" time="15.041"/>
  <testcase classname="LoginPage.MyTestCases" name="logout" time="2.725"/>
  <testcase classname="LoginPage.MyTestCases" name="login" time="2.603"/>
  <testcase classname="LoginPage.MyTestCases" name="AddToCard" time="5.166"/>
  <testcase classname="LoginPage.MyTestCases" name="AddToCard" time="2.547"/>
  <testcase classname="LoginPage.MyTestCases" name="AddToCard" time="4.417"/>
  <testcase classname="LoginPage.MyTestCases" name="AddToCard" time="2.718"/>
  <testcase classname="LoginPage.MyTestCases" name="AddToCard" time="3.312"/>
  <testcase classname="LoginPage.MyTestCases" name="AddToCard" time="2.734"/>
  <testcase classname="LoginPage.MyTestCases" name="AddToCard" time="5.703"/>
  <testcase classname="LoginPage.MyTestCases" name="AddToCard" time="6.220"/>
  <testcase classname="LoginPage.MyTestCases" name="AddToCard" time="3.283"/>
  <testcase classname="LoginPage.MyTestCases" name="AddToCard" time="5.082"/>
</testsuite> <!-- LoginPage.MyTestCases -->
