<?xml version="1.0" encoding="UTF-8"?>
<!-- Generated by org.testng.reporters.JUnitReportReporter -->
<testsuite hostname="DESKTOP-L9JMAV8" failures="0" tests="1" name="LoginPage.MyTestCases" time="2.926" errors="0" timestamp="2025-07-07T21:31:07 EET" skipped="0">
  <testcase classname="LoginPage.MyTestCases" name="Signup" time="2.926"/>
</testsuite> <!-- LoginPage.MyTestCases -->
